2025-10-17 05:22:24 [main] INFO  c.m.apigateway.ApiGatewayApplication - Starting ApiGatewayApplication using Java 23.0.2 with PID 49507 (/home/clapgrow/Desktop/spring/microservices-parent/api-gateway/target/classes started by clapgrow in /home/clapgrow/Desktop/spring/microservices-parent/api-gateway)
2025-10-17 05:22:24 [main] DEBUG c.m.apigateway.ApiGatewayApplication - Running with Spring Boot v3.5.6, Spring v6.2.11
2025-10-17 05:22:24 [main] INFO  c.m.apigateway.ApiGatewayApplication - The following 1 profile is active: "dev"
2025-10-17 05:22:24 [main] DEBUG i.g.r.s.u.AspectJOnClasspathCondition - Aspects are not activated because AspectJ is not on the classpath.
2025-10-17 05:22:24 [main] DEBUG i.g.r.s.u.AspectJOnClasspathCondition - Aspects are not activated because AspectJ is not on the classpath.
2025-10-17 05:22:24 [main] DEBUG i.g.r.s.u.RxJava2OnClasspathCondition - RxJava2 related Aspect extensions are not activated, because RxJava2 is not on the classpath.
2025-10-17 05:22:24 [main] DEBUG i.g.r.s.u.AspectJOnClasspathCondition - Aspects are not activated because AspectJ is not on the classpath.
2025-10-17 05:22:24 [main] DEBUG i.g.r.s.u.RxJava2OnClasspathCondition - RxJava2 related Aspect extensions are not activated, because RxJava2 is not on the classpath.
2025-10-17 05:22:24 [main] DEBUG i.g.r.s.u.AspectJOnClasspathCondition - Aspects are not activated because AspectJ is not on the classpath.
2025-10-17 05:22:24 [main] DEBUG i.g.r.s.u.AspectJOnClasspathCondition - Aspects are not activated because AspectJ is not on the classpath.
2025-10-17 05:22:24 [main] DEBUG i.g.r.s.u.RxJava2OnClasspathCondition - RxJava2 related Aspect extensions are not activated, because RxJava2 is not on the classpath.
2025-10-17 05:22:24 [main] DEBUG i.g.r.s.u.AspectJOnClasspathCondition - Aspects are not activated because AspectJ is not on the classpath.
2025-10-17 05:22:24 [main] DEBUG i.g.r.s.u.AspectJOnClasspathCondition - Aspects are not activated because AspectJ is not on the classpath.
2025-10-17 05:22:24 [main] DEBUG i.g.r.s.u.RxJava2OnClasspathCondition - RxJava2 related Aspect extensions are not activated, because RxJava2 is not on the classpath.
2025-10-17 05:22:24 [main] DEBUG i.g.r.s.u.AspectJOnClasspathCondition - Aspects are not activated because AspectJ is not on the classpath.
2025-10-17 05:22:24 [main] DEBUG i.g.r.s.u.AspectJOnClasspathCondition - Aspects are not activated because AspectJ is not on the classpath.
2025-10-17 05:22:24 [main] DEBUG i.g.r.s.u.RxJava2OnClasspathCondition - RxJava2 related Aspect extensions are not activated, because RxJava2 is not on the classpath.
2025-10-17 05:22:24 [main] DEBUG i.g.r.s.u.AspectJOnClasspathCondition - Aspects are not activated because AspectJ is not on the classpath.
2025-10-17 05:22:24 [main] DEBUG i.g.r.s.u.AspectJOnClasspathCondition - Aspects are not activated because AspectJ is not on the classpath.
2025-10-17 05:22:24 [main] DEBUG i.g.r.s.u.RxJava2OnClasspathCondition - RxJava2 related Aspect extensions are not activated, because RxJava2 is not on the classpath.
2025-10-17 05:22:24 [main] DEBUG i.g.r.s.u.AspectJOnClasspathCondition - Aspects are not activated because AspectJ is not on the classpath.
2025-10-17 05:22:24 [main] DEBUG i.g.r.s.u.AspectJOnClasspathCondition - Aspects are not activated because AspectJ is not on the classpath.
2025-10-17 05:22:24 [main] DEBUG i.g.r.s.u.RxJava2OnClasspathCondition - RxJava2 related Aspect extensions are not activated, because RxJava2 is not on the classpath.
2025-10-17 05:22:24 [main] DEBUG i.g.r.s.u.AspectJOnClasspathCondition - Aspects are not activated because AspectJ is not on the classpath.
2025-10-17 05:22:24 [main] INFO  o.s.d.r.c.RepositoryConfigurationDelegate - Multiple Spring Data modules found, entering strict repository configuration mode
2025-10-17 05:22:24 [main] INFO  o.s.d.r.c.RepositoryConfigurationDelegate - Bootstrapping Spring Data Redis repositories in DEFAULT mode.
2025-10-17 05:22:24 [main] INFO  o.s.d.r.c.RepositoryConfigurationDelegate - Finished Spring Data repository scanning in 8 ms. Found 0 Redis repository interfaces.
2025-10-17 05:22:24 [main] INFO  o.s.cloud.context.scope.GenericScope - BeanFactory id=9124d942-1e32-3253-ac47-ed91df470f8d
2025-10-17 05:22:25 [main] INFO  o.s.c.g.r.RouteDefinitionRouteLocator - Loaded RoutePredicateFactory [After]
2025-10-17 05:22:25 [main] INFO  o.s.c.g.r.RouteDefinitionRouteLocator - Loaded RoutePredicateFactory [Before]
2025-10-17 05:22:25 [main] INFO  o.s.c.g.r.RouteDefinitionRouteLocator - Loaded RoutePredicateFactory [Between]
2025-10-17 05:22:25 [main] INFO  o.s.c.g.r.RouteDefinitionRouteLocator - Loaded RoutePredicateFactory [Cookie]
2025-10-17 05:22:25 [main] INFO  o.s.c.g.r.RouteDefinitionRouteLocator - Loaded RoutePredicateFactory [Header]
2025-10-17 05:22:25 [main] INFO  o.s.c.g.r.RouteDefinitionRouteLocator - Loaded RoutePredicateFactory [Host]
2025-10-17 05:22:25 [main] INFO  o.s.c.g.r.RouteDefinitionRouteLocator - Loaded RoutePredicateFactory [Method]
2025-10-17 05:22:25 [main] INFO  o.s.c.g.r.RouteDefinitionRouteLocator - Loaded RoutePredicateFactory [Path]
2025-10-17 05:22:25 [main] INFO  o.s.c.g.r.RouteDefinitionRouteLocator - Loaded RoutePredicateFactory [Query]
2025-10-17 05:22:25 [main] INFO  o.s.c.g.r.RouteDefinitionRouteLocator - Loaded RoutePredicateFactory [ReadBody]
2025-10-17 05:22:25 [main] INFO  o.s.c.g.r.RouteDefinitionRouteLocator - Loaded RoutePredicateFactory [RemoteAddr]
2025-10-17 05:22:25 [main] INFO  o.s.c.g.r.RouteDefinitionRouteLocator - Loaded RoutePredicateFactory [XForwardedRemoteAddr]
2025-10-17 05:22:25 [main] INFO  o.s.c.g.r.RouteDefinitionRouteLocator - Loaded RoutePredicateFactory [Weight]
2025-10-17 05:22:25 [main] INFO  o.s.c.g.r.RouteDefinitionRouteLocator - Loaded RoutePredicateFactory [CloudFoundryRouteService]
2025-10-17 05:22:26 [main] INFO  o.s.b.a.e.web.EndpointLinksResolver - Exposing 4 endpoints beneath base path '/actuator'
2025-10-17 05:22:26 [main] INFO  o.s.b.w.e.netty.NettyWebServer - Netty started on port 8080 (http)
2025-10-17 05:22:27 [main] DEBUG o.s.c.g.filter.GatewayMetricsFilter - New routes count: 0
2025-10-17 05:22:27 [main] INFO  c.m.apigateway.ApiGatewayApplication - Started ApiGatewayApplication in 3.791 seconds (process running for 4.074)
2025-10-17 05:22:56 [boundedElastic-1] WARN  o.s.b.a.d.r.RedisReactiveHealthIndicator - Redis health check failed
org.springframework.data.redis.RedisConnectionFailureException: Unable to connect to Redis
	at org.springframework.data.redis.connection.lettuce.LettuceConnectionFactory$ExceptionTranslatingConnectionProvider.translateException(LettuceConnectionFactory.java:1866)
	at org.springframework.data.redis.connection.lettuce.LettuceConnectionFactory$ExceptionTranslatingConnectionProvider.getConnection(LettuceConnectionFactory.java:1797)
	at org.springframework.data.redis.connection.lettuce.LettuceConnectionFactory$SharedConnection.getNativeConnection(LettuceConnectionFactory.java:1594)
	at org.springframework.data.redis.connection.lettuce.LettuceConnectionFactory$SharedConnection.lambda$getConnection$0(LettuceConnectionFactory.java:1574)
	at org.springframework.data.redis.connection.lettuce.LettuceConnectionFactory.doInLock(LettuceConnectionFactory.java:1535)
	at org.springframework.data.redis.connection.lettuce.LettuceConnectionFactory$SharedConnection.getConnection(LettuceConnectionFactory.java:1571)
	at org.springframework.data.redis.connection.lettuce.LettuceConnectionFactory.getSharedReactiveConnection(LettuceConnectionFactory.java:1282)
	at org.springframework.data.redis.connection.lettuce.LettuceConnectionFactory.getReactiveConnection(LettuceConnectionFactory.java:1157)
	at org.springframework.data.redis.connection.lettuce.LettuceConnectionFactory.getReactiveConnection(LettuceConnectionFactory.java:121)
	at reactor.core.publisher.MonoSupplier.call(MonoSupplier.java:67)
	at reactor.core.publisher.FluxSubscribeOnCallable$CallableSubscribeOnSubscription.run(FluxSubscribeOnCallable.java:228)
	at reactor.core.scheduler.SchedulerTask.call(SchedulerTask.java:68)
	at reactor.core.scheduler.SchedulerTask.call(SchedulerTask.java:28)
	at java.base/java.util.concurrent.FutureTask.run(FutureTask.java:317)
	at java.base/java.util.concurrent.ScheduledThreadPoolExecutor$ScheduledFutureTask.run(ScheduledThreadPoolExecutor.java:304)
	at java.base/java.util.concurrent.ThreadPoolExecutor.runWorker(ThreadPoolExecutor.java:1144)
	at java.base/java.util.concurrent.ThreadPoolExecutor$Worker.run(ThreadPoolExecutor.java:642)
	at java.base/java.lang.Thread.run(Thread.java:1575)
Caused by: io.lettuce.core.RedisConnectionException: Unable to connect to redis/<unresolved>:6379
	at io.lettuce.core.RedisConnectionException.create(RedisConnectionException.java:63)
	at io.lettuce.core.RedisConnectionException.create(RedisConnectionException.java:41)
	at io.lettuce.core.AbstractRedisClient.getConnection(AbstractRedisClient.java:354)
	at io.lettuce.core.RedisClient.connect(RedisClient.java:220)
	at org.springframework.data.redis.connection.lettuce.StandaloneConnectionProvider.lambda$getConnection$1(StandaloneConnectionProvider.java:112)
	at java.base/java.util.Optional.orElseGet(Optional.java:364)
	at org.springframework.data.redis.connection.lettuce.StandaloneConnectionProvider.getConnection(StandaloneConnectionProvider.java:112)
	at org.springframework.data.redis.connection.lettuce.LettuceConnectionFactory$ExceptionTranslatingConnectionProvider.getConnection(LettuceConnectionFactory.java:1795)
	... 16 common frames omitted
Caused by: java.net.UnknownHostException: Failed to resolve 'redis' [A(1), AAAA(28)] after 4 queries 
	at io.netty.resolver.dns.DnsResolveContext.finishResolve(DnsResolveContext.java:1150)
	at io.netty.resolver.dns.DnsResolveContext.tryToFinishResolve(DnsResolveContext.java:1097)
	at io.netty.resolver.dns.DnsResolveContext.query(DnsResolveContext.java:455)
	at io.netty.resolver.dns.DnsResolveContext.onResponse(DnsResolveContext.java:686)
	at io.netty.resolver.dns.DnsResolveContext.access$500(DnsResolveContext.java:70)
	at io.netty.resolver.dns.DnsResolveContext$2.operationComplete(DnsResolveContext.java:513)
	at io.netty.util.concurrent.DefaultPromise.notifyListener0(DefaultPromise.java:603)
	at io.netty.util.concurrent.DefaultPromise.notifyListeners0(DefaultPromise.java:596)
	at io.netty.util.concurrent.DefaultPromise.notifyListenersNow(DefaultPromise.java:572)
	at io.netty.util.concurrent.DefaultPromise.notifyListeners(DefaultPromise.java:505)
	at io.netty.util.concurrent.DefaultPromise.setValue0(DefaultPromise.java:649)
	at io.netty.util.concurrent.DefaultPromise.setSuccess0(DefaultPromise.java:638)
	at io.netty.util.concurrent.DefaultPromise.trySuccess(DefaultPromise.java:118)
	at io.netty.resolver.dns.DnsQueryContext.trySuccess(DnsQueryContext.java:308)
	at io.netty.resolver.dns.DnsQueryContext.finishSuccess(DnsQueryContext.java:299)
	at io.netty.resolver.dns.DnsNameResolver$DnsResponseHandler.channelRead(DnsNameResolver.java:1491)
	at io.netty.channel.AbstractChannelHandlerContext.invokeChannelRead(AbstractChannelHandlerContext.java:444)
	at io.netty.channel.AbstractChannelHandlerContext.invokeChannelRead(AbstractChannelHandlerContext.java:420)
	at io.netty.channel.AbstractChannelHandlerContext.fireChannelRead(AbstractChannelHandlerContext.java:412)
	at io.netty.handler.codec.MessageToMessageDecoder.channelRead(MessageToMessageDecoder.java:107)
	at io.netty.channel.AbstractChannelHandlerContext.invokeChannelRead(AbstractChannelHandlerContext.java:444)
	at io.netty.channel.AbstractChannelHandlerContext.invokeChannelRead(AbstractChannelHandlerContext.java:420)
	at io.netty.channel.AbstractChannelHandlerContext.fireChannelRead(AbstractChannelHandlerContext.java:412)
	at io.netty.channel.DefaultChannelPipeline$HeadContext.channelRead(DefaultChannelPipeline.java:1357)
	at io.netty.channel.AbstractChannelHandlerContext.invokeChannelRead(AbstractChannelHandlerContext.java:440)
	at io.netty.channel.AbstractChannelHandlerContext.invokeChannelRead(AbstractChannelHandlerContext.java:420)
	at io.netty.channel.DefaultChannelPipeline.fireChannelRead(DefaultChannelPipeline.java:868)
	at io.netty.channel.epoll.EpollDatagramChannel.processPacket(EpollDatagramChannel.java:662)
	at io.netty.channel.epoll.EpollDatagramChannel.recvmsg(EpollDatagramChannel.java:697)
	at io.netty.channel.epoll.EpollDatagramChannel.access$300(EpollDatagramChannel.java:56)
	at io.netty.channel.epoll.EpollDatagramChannel$EpollDatagramChannelUnsafe.epollInReady(EpollDatagramChannel.java:536)
	at io.netty.channel.epoll.EpollEventLoop.processReady(EpollEventLoop.java:501)
	at io.netty.channel.epoll.EpollEventLoop.run(EpollEventLoop.java:399)
	at io.netty.util.concurrent.SingleThreadEventExecutor$4.run(SingleThreadEventExecutor.java:998)
	at io.netty.util.internal.ThreadExecutorMap$2.run(ThreadExecutorMap.java:74)
	at io.netty.util.concurrent.FastThreadLocalRunnable.run(FastThreadLocalRunnable.java:30)
	... 1 common frames omitted
Caused by: io.netty.resolver.dns.DnsErrorCauseException: Query failed with NXDOMAIN
	at io.netty.resolver.dns.DnsResolveContext.onResponse(..)(Unknown Source)
2025-10-17 05:22:56 [reactor-http-epoll-3] ERROR c.m.a.e.GlobalErrorWebExceptionHandler - Error in gateway: 
org.springframework.web.reactive.resource.NoResourceFoundException: 404 NOT_FOUND "No static resource favicon.ico."
	at org.springframework.web.reactive.resource.ResourceWebHandler.lambda$handle$1(ResourceWebHandler.java:434)
	Suppressed: reactor.core.publisher.FluxOnAssembly$OnAssemblyException: 
Error has been observed at the following site(s):
	*__checkpoint ⇢ org.springframework.web.cors.reactive.CorsWebFilter [DefaultWebFilterChain]
	*__checkpoint ⇢ org.springframework.cloud.gateway.filter.WeightCalculatorWebFilter [DefaultWebFilterChain]
	*__checkpoint ⇢ HTTP GET "/favicon.ico" [ExceptionHandlingWebHandler]
Original Stack Trace:
		at org.springframework.web.reactive.resource.ResourceWebHandler.lambda$handle$1(ResourceWebHandler.java:434)
		at reactor.core.publisher.MonoDefer.subscribe(MonoDefer.java:45)
		at reactor.core.publisher.Mono.subscribe(Mono.java:4576)
		at reactor.core.publisher.FluxSwitchIfEmpty$SwitchIfEmptySubscriber.onComplete(FluxSwitchIfEmpty.java:82)
		at reactor.core.publisher.MonoFlatMap$FlatMapMain.onComplete(MonoFlatMap.java:189)
		at reactor.core.publisher.MonoNext$NextSubscriber.onComplete(MonoNext.java:102)
		at reactor.core.publisher.FluxConcatMapNoPrefetch$FluxConcatMapNoPrefetchSubscriber.onComplete(FluxConcatMapNoPrefetch.java:241)
		at reactor.core.publisher.FluxIterable$IterableSubscription.slowPath(FluxIterable.java:357)
		at reactor.core.publisher.FluxIterable$IterableSubscription.request(FluxIterable.java:294)
		at reactor.core.publisher.FluxConcatMapNoPrefetch$FluxConcatMapNoPrefetchSubscriber.request(FluxConcatMapNoPrefetch.java:337)
		at reactor.core.publisher.MonoNext$NextSubscriber.request(MonoNext.java:108)
		at reactor.core.publisher.MonoFlatMap$FlatMapMain.request(MonoFlatMap.java:194)
		at reactor.core.publisher.Operators$MultiSubscriptionSubscriber.set(Operators.java:2366)
		at reactor.core.publisher.Operators$MultiSubscriptionSubscriber.onSubscribe(Operators.java:2240)
		at reactor.core.publisher.MonoFlatMap$FlatMapMain.onSubscribe(MonoFlatMap.java:117)
		at reactor.core.publisher.MonoNext$NextSubscriber.onSubscribe(MonoNext.java:70)
		at reactor.core.publisher.FluxConcatMapNoPrefetch$FluxConcatMapNoPrefetchSubscriber.onSubscribe(FluxConcatMapNoPrefetch.java:164)
		at reactor.core.publisher.FluxIterable.subscribe(FluxIterable.java:201)
		at reactor.core.publisher.FluxIterable.subscribe(FluxIterable.java:83)
		at reactor.core.publisher.Mono.subscribe(Mono.java:4576)
		at reactor.core.publisher.MonoIgnoreThen$ThenIgnoreMain.subscribeNext(MonoIgnoreThen.java:265)
		at reactor.core.publisher.MonoIgnoreThen.subscribe(MonoIgnoreThen.java:51)
		at reactor.core.publisher.InternalMonoOperator.subscribe(InternalMonoOperator.java:76)
		at reactor.core.publisher.MonoFlatMap$FlatMapMain.onNext(MonoFlatMap.java:165)
		at reactor.core.publisher.FluxOnErrorResume$ResumeSubscriber.onNext(FluxOnErrorResume.java:79)
		at reactor.core.publisher.FluxSwitchIfEmpty$SwitchIfEmptySubscriber.onNext(FluxSwitchIfEmpty.java:74)
		at reactor.core.publisher.MonoNext$NextSubscriber.onNext(MonoNext.java:82)
		at reactor.core.publisher.FluxConcatMapNoPrefetch$FluxConcatMapNoPrefetchSubscriber.innerNext(FluxConcatMapNoPrefetch.java:259)
		at reactor.core.publisher.FluxConcatMap$ConcatMapInner.onNext(FluxConcatMap.java:865)
		at reactor.core.publisher.FluxMapFuseable$MapFuseableSubscriber.onNext(FluxMapFuseable.java:129)
		at reactor.core.publisher.Operators$ScalarSubscription.request(Operators.java:2570)
		at reactor.core.publisher.FluxMapFuseable$MapFuseableSubscriber.request(FluxMapFuseable.java:171)
		at reactor.core.publisher.Operators$MultiSubscriptionSubscriber.set(Operators.java:2366)
		at reactor.core.publisher.Operators$MultiSubscriptionSubscriber.onSubscribe(Operators.java:2240)
		at reactor.core.publisher.FluxMapFuseable$MapFuseableSubscriber.onSubscribe(FluxMapFuseable.java:96)
		at reactor.core.publisher.MonoJust.subscribe(MonoJust.java:55)
		at reactor.core.publisher.Mono.subscribe(Mono.java:4576)
		at reactor.core.publisher.FluxConcatMapNoPrefetch$FluxConcatMapNoPrefetchSubscriber.onNext(FluxConcatMapNoPrefetch.java:207)
		at reactor.core.publisher.FluxIterable$IterableSubscription.slowPath(FluxIterable.java:335)
		at reactor.core.publisher.FluxIterable$IterableSubscription.request(FluxIterable.java:294)
		at reactor.core.publisher.FluxConcatMapNoPrefetch$FluxConcatMapNoPrefetchSubscriber.innerComplete(FluxConcatMapNoPrefetch.java:275)
		at reactor.core.publisher.FluxConcatMap$ConcatMapInner.onComplete(FluxConcatMap.java:889)
		at reactor.core.publisher.FluxMap$MapSubscriber.onComplete(FluxMap.java:144)
		at reactor.core.publisher.FluxSwitchIfEmpty$SwitchIfEmptySubscriber.onComplete(FluxSwitchIfEmpty.java:85)
		at reactor.core.publisher.MonoIgnoreThen$ThenIgnoreMain.onComplete(MonoIgnoreThen.java:210)
		at reactor.core.publisher.MonoIgnoreThen$ThenIgnoreMain.subscribeNext(MonoIgnoreThen.java:239)
		at reactor.core.publisher.MonoIgnoreThen.subscribe(MonoIgnoreThen.java:51)
		at reactor.core.publisher.Mono.subscribe(Mono.java:4576)
		at reactor.core.publisher.FluxSwitchIfEmpty$SwitchIfEmptySubscriber.onComplete(FluxSwitchIfEmpty.java:82)
		at reactor.core.publisher.FluxMap$MapSubscriber.onComplete(FluxMap.java:144)
		at reactor.core.publisher.FluxMap$MapSubscriber.onComplete(FluxMap.java:144)
		at reactor.core.publisher.MonoNext$NextSubscriber.onComplete(MonoNext.java:102)
		at reactor.core.publisher.FluxFilterWhen$FluxFilterWhenSubscriber.drain(FluxFilterWhen.java:236)
		at reactor.core.publisher.FluxFilterWhen$FluxFilterWhenSubscriber.request(FluxFilterWhen.java:160)
		at reactor.core.publisher.MonoNext$NextSubscriber.request(MonoNext.java:108)
		at reactor.core.publisher.FluxMap$MapSubscriber.request(FluxMap.java:164)
		at reactor.core.publisher.FluxMap$MapSubscriber.request(FluxMap.java:164)
		at reactor.core.publisher.Operators$MultiSubscriptionSubscriber.request(Operators.java:2330)
		at reactor.core.publisher.FluxMap$MapSubscriber.request(FluxMap.java:164)
		at reactor.core.publisher.Operators$MultiSubscriptionSubscriber.request(Operators.java:2330)
		at reactor.core.publisher.FluxConcatMapNoPrefetch$FluxConcatMapNoPrefetchSubscriber.request(FluxConcatMapNoPrefetch.java:339)
		at reactor.core.publisher.MonoNext$NextSubscriber.request(MonoNext.java:108)
		at reactor.core.publisher.Operators$MultiSubscriptionSubscriber.set(Operators.java:2366)
		at reactor.core.publisher.Operators$MultiSubscriptionSubscriber.onSubscribe(Operators.java:2240)
		at reactor.core.publisher.MonoNext$NextSubscriber.onSubscribe(MonoNext.java:70)
		at reactor.core.publisher.FluxConcatMapNoPrefetch$FluxConcatMapNoPrefetchSubscriber.onSubscribe(FluxConcatMapNoPrefetch.java:164)
		at reactor.core.publisher.FluxIterable.subscribe(FluxIterable.java:201)
		at reactor.core.publisher.FluxIterable.subscribe(FluxIterable.java:83)
		at reactor.core.publisher.InternalMonoOperator.subscribe(InternalMonoOperator.java:76)
		at reactor.core.publisher.MonoDefer.subscribe(MonoDefer.java:53)
		at reactor.core.publisher.InternalMonoOperator.subscribe(InternalMonoOperator.java:76)
		at reactor.core.publisher.MonoDefer.subscribe(MonoDefer.java:53)
		at reactor.core.publisher.InternalMonoOperator.subscribe(InternalMonoOperator.java:76)
		at reactor.core.publisher.MonoDefer.subscribe(MonoDefer.java:53)
		at reactor.core.publisher.Mono.subscribe(Mono.java:4576)
		at reactor.core.publisher.MonoIgnoreThen$ThenIgnoreMain.subscribeNext(MonoIgnoreThen.java:265)
		at reactor.core.publisher.MonoIgnoreThen.subscribe(MonoIgnoreThen.java:51)
		at reactor.core.publisher.InternalMonoOperator.subscribe(InternalMonoOperator.java:76)
		at reactor.core.publisher.MonoDeferContextual.subscribe(MonoDeferContextual.java:55)
		at reactor.netty.http.server.HttpServer$HttpServerHandle.onStateChange(HttpServer.java:1324)
		at reactor.netty.ReactorNetty$CompositeConnectionObserver.onStateChange(ReactorNetty.java:722)
		at reactor.netty.transport.ServerTransport$ChildObserver.onStateChange(ServerTransport.java:486)
		at reactor.netty.http.server.HttpServerOperations.handleDefaultHttpRequest(HttpServerOperations.java:870)
		at reactor.netty.http.server.HttpServerOperations.onInboundNext(HttpServerOperations.java:796)
		at reactor.netty.channel.ChannelOperationsHandler.channelRead(ChannelOperationsHandler.java:115)
		at io.netty.channel.AbstractChannelHandlerContext.invokeChannelRead(AbstractChannelHandlerContext.java:444)
		at io.netty.channel.AbstractChannelHandlerContext.invokeChannelRead(AbstractChannelHandlerContext.java:420)
		at io.netty.channel.AbstractChannelHandlerContext.fireChannelRead(AbstractChannelHandlerContext.java:412)
		at reactor.netty.http.server.HttpTrafficHandler.channelRead(HttpTrafficHandler.java:272)
		at io.netty.channel.AbstractChannelHandlerContext.invokeChannelRead(AbstractChannelHandlerContext.java:442)
		at io.netty.channel.AbstractChannelHandlerContext.invokeChannelRead(AbstractChannelHandlerContext.java:420)
		at io.netty.channel.AbstractChannelHandlerContext.fireChannelRead(AbstractChannelHandlerContext.java:412)
		at io.netty.channel.CombinedChannelDuplexHandler$DelegatingChannelHandlerContext.fireChannelRead(CombinedChannelDuplexHandler.java:436)
		at io.netty.handler.codec.ByteToMessageDecoder.fireChannelRead(ByteToMessageDecoder.java:346)
		at io.netty.handler.codec.ByteToMessageDecoder.channelRead(ByteToMessageDecoder.java:318)
		at io.netty.channel.CombinedChannelDuplexHandler.channelRead(CombinedChannelDuplexHandler.java:251)
		at io.netty.channel.AbstractChannelHandlerContext.invokeChannelRead(AbstractChannelHandlerContext.java:442)
		at io.netty.channel.AbstractChannelHandlerContext.invokeChannelRead(AbstractChannelHandlerContext.java:420)
		at io.netty.channel.AbstractChannelHandlerContext.fireChannelRead(AbstractChannelHandlerContext.java:412)
		at io.netty.channel.DefaultChannelPipeline$HeadContext.channelRead(DefaultChannelPipeline.java:1357)
		at io.netty.channel.AbstractChannelHandlerContext.invokeChannelRead(AbstractChannelHandlerContext.java:440)
		at io.netty.channel.AbstractChannelHandlerContext.invokeChannelRead(AbstractChannelHandlerContext.java:420)
		at io.netty.channel.DefaultChannelPipeline.fireChannelRead(DefaultChannelPipeline.java:868)
		at io.netty.channel.epoll.AbstractEpollStreamChannel$EpollStreamUnsafe.epollInReady(AbstractEpollStreamChannel.java:799)
		at io.netty.channel.epoll.EpollEventLoop.processReady(EpollEventLoop.java:501)
		at io.netty.channel.epoll.EpollEventLoop.run(EpollEventLoop.java:399)
		at io.netty.util.concurrent.SingleThreadEventExecutor$4.run(SingleThreadEventExecutor.java:998)
		at io.netty.util.internal.ThreadExecutorMap$2.run(ThreadExecutorMap.java:74)
		at io.netty.util.concurrent.FastThreadLocalRunnable.run(FastThreadLocalRunnable.java:30)
		at java.base/java.lang.Thread.run(Thread.java:1575)
2025-10-17 05:23:00 [SpringApplicationShutdownHook] INFO  o.s.b.w.e.netty.GracefulShutdown - Commencing graceful shutdown. Waiting for active requests to complete
2025-10-17 05:23:00 [netty-shutdown] INFO  o.s.b.w.e.netty.GracefulShutdown - Graceful shutdown complete
